<?xml version="1.0" encoding="UTF-8"?>
<!-- Generated by org.testng.reporters.JUnitReportReporter -->
<testsuite hostname="DESKTOP-AE4B4TA" failures="0" tests="2" name="TestCases.VerifySignIn" time="1.878" errors="0" timestamp="2022-04-15T01:52:39 IST" skipped="0">
  <testcase classname="TestCases.VerifySignIn" name="EnterCredentials" time="0.862"/>
  <system-out/>
  <testcase classname="TestCases.VerifySignIn" name="EnterCredentials" time="1.016"/>
  <system-out/>
</testsuite> <!-- TestCases.VerifySignIn -->
