<?xml version="1.0" encoding="UTF-8"?>
<!-- Generated by org.testng.reporters.JUnitReportReporter -->
<testsuite hostname="DESKTOP-AE4B4TA" failures="0" tests="1" name="TestCases.VerifySignUp" time="17.216" errors="0" timestamp="2022-04-15T01:52:39 IST" skipped="0">
  <testcase classname="TestCases.VerifySignUp" name="SignUp" time="17.216"/>
  <system-out/>
</testsuite> <!-- TestCases.VerifySignUp -->
